<?xml version="1.0" encoding="UTF-8"?>
<testng-results ignored="0" total="1" passed="1" failed="0" skipped="0">
  <reporter-output>
  </reporter-output>
  <suite started-at="2023-05-02T12:09:12 IST" name="Suite" finished-at="2023-05-02T12:09:12 IST" duration-ms="72">
    <groups>
      <group name="regressionTest">
        <method signature="SampleTest.test()[pri:0, instance:practice.SampleTest@20deea7f]" name="test" class="practice.SampleTest"/>
      </group> <!-- regressionTest -->
    </groups>
    <test started-at="2023-05-02T12:09:12 IST" name="Test" finished-at="2023-05-02T12:09:12 IST" duration-ms="72">
      <class name="practice.SampleTest">
        <test-method signature="test()[pri:0, instance:practice.SampleTest@20deea7f]" started-at="2023-05-02T12:09:12 IST" name="test" finished-at="2023-05-02T12:09:12 IST" duration-ms="17" status="PASS">
          <reporter-output>
          </reporter-output>
        </test-method> <!-- test -->
      </class> <!-- practice.SampleTest -->
    </test> <!-- Test -->
  </suite> <!-- Suite -->
</testng-results>
